TN:
SF:src/components/Form/Button/index.tsx
FN:10,Button
FNF:1
FNH:0
FNDA:0,Button
DA:11,0
LF:1
LH:0
BRF:0
BRH:0
end_of_record
TN:
SF:src/components/Form/CategorySelectButton/index.tsx
FN:10,CategorySelectButton
FNF:1
FNH:0
FNDA:0,CategorySelectButton
DA:11,0
LF:1
LH:0
BRF:0
BRH:0
end_of_record
TN:
SF:src/components/Form/Input/index.tsx
FN:9,Input
FNF:1
FNH:1
FNDA:1,Input
DA:10,1
LF:1
LH:1
BRF:0
BRH:0
end_of_record
TN:
SF:src/components/Form/InputForm/index.tsx
FN:14,InputForm
FN:20,(anonymous_1)
FNF:2
FNH:0
FNDA:0,InputForm
FNDA:0,(anonymous_1)
DA:15,0
DA:21,0
LF:2
LH:0
BRDA:28,0,0,0
BRDA:28,0,1,0
BRF:2
BRH:0
end_of_record
TN:
SF:src/components/Form/TransactionTypeButton/index.tsx
FN:16,TransactionTypeButton
FNF:1
FNH:0
FNDA:0,TransactionTypeButton
DA:11,0
DA:17,0
LF:2
LH:0
BRF:0
BRH:0
end_of_record
TN:
SF:src/components/HighlightCard/index.tsx
FN:17,HighlightCard
FNF:1
FNH:0
FNDA:0,HighlightCard
DA:11,0
DA:18,0
LF:2
LH:0
BRF:0
BRH:0
end_of_record
TN:
SF:src/components/HistoryCard/index.tsx
FN:10,HistoryCard
FNF:1
FNH:0
FNDA:0,HistoryCard
DA:11,0
LF:1
LH:0
BRF:0
BRH:0
end_of_record
TN:
SF:src/components/SignInSocialButton/index.tsx
FN:11,SignInSocialButton
FNF:1
FNH:0
FNDA:0,SignInSocialButton
DA:12,0
LF:1
LH:0
BRF:0
BRH:0
end_of_record
TN:
SF:src/components/TransactionCard/index.tsx
FN:22,TransactionCard
FN:24,(anonymous_1)
FNF:2
FNH:0
FNDA:0,TransactionCard
FNDA:0,(anonymous_1)
DA:23,0
DA:24,0
DA:27,0
LF:3
LH:0
BRDA:31,0,0,0
BRDA:31,0,1,0
BRF:2
BRH:0
end_of_record
TN:
SF:src/hooks/auth.tsx
FN:37,AuthProvider
FN:42,signInWithGoogle
FN:71,signInWithApple
FN:99,signOut
FN:104,loadUserStorageData
FN:114,(anonymous_5)
FN:125,useAuth
FNF:7
FNH:0
FNDA:0,AuthProvider
FNDA:0,signInWithGoogle
FNDA:0,signInWithApple
FNDA:0,signOut
FNDA:0,loadUserStorageData
FNDA:0,(anonymous_5)
FNDA:0,useAuth
DA:6,0
DA:7,0
DA:35,0
DA:38,0
DA:39,0
DA:40,0
DA:43,0
DA:44,0
DA:45,0
DA:47,0
DA:49,0
DA:51,0
DA:52,0
DA:53,0
DA:55,0
DA:62,0
DA:63,0
DA:67,0
DA:72,0
DA:73,0
DA:80,0
DA:81,0
DA:82,0
DA:83,0
DA:90,0
DA:91,0
DA:95,0
DA:100,0
DA:101,0
DA:105,0
DA:107,0
DA:108,0
DA:109,0
DA:111,0
DA:114,0
DA:115,0
DA:118,0
DA:126,0
DA:128,0
LF:39
LH:0
BRDA:51,0,0,0
BRDA:51,0,1,0
BRDA:80,1,0,0
BRDA:80,1,1,0
BRDA:107,2,0,0
BRDA:107,2,1,0
BRF:6
BRH:0
end_of_record
TN:
SF:src/pages/CategorySelect/index.tsx
FN:18,CategorySelect
FN:20,handleCategorySelect
FN:33,(anonymous_2)
FN:34,(anonymous_3)
FN:37,(anonymous_4)
FN:43,(anonymous_5)
FNF:6
FNH:0
FNDA:0,CategorySelect
FNDA:0,handleCategorySelect
FNDA:0,(anonymous_2)
FNDA:0,(anonymous_3)
FNDA:0,(anonymous_4)
FNDA:0,(anonymous_5)
DA:21,0
DA:24,0
DA:33,0
DA:35,0
DA:37,0
DA:43,0
LF:6
LH:0
BRF:0
BRH:0
end_of_record
TN:
SF:src/pages/Dashboard/index.tsx
FN:34,DashBoard
FN:42,getLastTransactionDate
FN:44,(anonymous_2)
FN:52,(anonymous_3)
FN:60,loadTransactions
FN:68,(anonymous_5)
FN:138,(anonymous_6)
FN:142,(anonymous_7)
FN:200,(anonymous_8)
FN:201,(anonymous_9)
FNF:10
FNH:0
FNDA:0,DashBoard
FNDA:0,getLastTransactionDate
FNDA:0,(anonymous_2)
FNDA:0,(anonymous_3)
FNDA:0,loadTransactions
FNDA:0,(anonymous_5)
FNDA:0,(anonymous_6)
FNDA:0,(anonymous_7)
FNDA:0,(anonymous_8)
FNDA:0,(anonymous_9)
DA:35,0
DA:36,0
DA:37,0
DA:38,0
DA:40,0
DA:43,0
DA:44,0
DA:46,0
DA:47,0
DA:50,0
DA:52,0
DA:55,0
DA:61,0
DA:62,0
DA:64,0
DA:65,0
DA:67,0
DA:70,0
DA:71,0
DA:73,0
DA:76,0
DA:81,0
DA:87,0
DA:97,0
DA:99,0
DA:101,0
DA:102,0
DA:103,0
DA:107,0
DA:135,0
DA:138,0
DA:139,0
DA:142,0
DA:143,0
DA:147,0
DA:200,0
DA:201,0
LF:37
LH:0
BRDA:46,0,0,0
BRDA:46,0,1,0
BRDA:62,1,0,0
BRDA:62,1,1,0
BRDA:70,2,0,0
BRDA:70,2,1,0
BRDA:103,3,0,0
BRDA:103,3,1,0
BRDA:113,4,0,0
BRDA:113,4,1,0
BRDA:122,5,0,0
BRDA:122,5,1,0
BRDA:149,6,0,0
BRDA:149,6,1,0
BRF:14
BRH:0
end_of_record
TN:
SF:src/pages/Register/index.tsx
FN:26,Register
FN:41,handleTransactionsTypeSelect
FN:45,handleCloseModalSelectCategory
FN:49,handleOpenModalSelectCategory
FN:53,resetInsertData
FN:62,handleRegister
FN:102,(anonymous_6)
FN:103,loadData
FN:141,(anonymous_8)
FN:147,(anonymous_9)
FNF:10
FNH:0
FNDA:0,Register
FNDA:0,handleTransactionsTypeSelect
FNDA:0,handleCloseModalSelectCategory
FNDA:0,handleOpenModalSelectCategory
FNDA:0,resetInsertData
FNDA:0,handleRegister
FNDA:0,(anonymous_6)
FNDA:0,loadData
FNDA:0,(anonymous_8)
FNDA:0,(anonymous_9)
DA:27,0
DA:30,0
DA:31,0
DA:32,0
DA:33,0
DA:38,0
DA:39,0
DA:42,0
DA:46,0
DA:50,0
DA:54,0
DA:55,0
DA:56,0
DA:64,0
DA:65,0
DA:68,0
DA:69,0
DA:72,0
DA:81,0
DA:82,0
DA:83,0
DA:85,0
DA:90,0
DA:92,0
DA:94,0
DA:97,0
DA:98,0
DA:102,0
DA:104,0
DA:108,0
DA:111,0
DA:141,0
DA:147,0
LF:33
LH:0
BRDA:64,0,0,0
BRDA:64,0,1,0
BRDA:68,1,0,0
BRDA:68,1,1,0
BRDA:83,2,0,0
BRDA:83,2,1,0
BRDA:126,3,0,0
BRDA:126,3,1,0
BRDA:133,4,0,0
BRDA:133,4,1,0
BRF:10
BRH:0
end_of_record
TN:
SF:src/pages/Resume/index.tsx
FN:35,Resume
FN:46,handleDateChange
FN:57,loadData
FN:63,(anonymous_3)
FN:69,(anonymous_4)
FN:75,(anonymous_5)
FN:78,(anonymous_6)
FN:107,(anonymous_7)
FN:136,(anonymous_8)
FN:146,(anonymous_9)
FN:157,(anonymous_10)
FN:171,(anonymous_11)
FNF:12
FNH:0
FNDA:0,Resume
FNDA:0,handleDateChange
FNDA:0,loadData
FNDA:0,(anonymous_3)
FNDA:0,(anonymous_4)
FNDA:0,(anonymous_5)
FNDA:0,(anonymous_6)
FNDA:0,(anonymous_7)
FNDA:0,(anonymous_8)
FNDA:0,(anonymous_9)
FNDA:0,(anonymous_10)
FNDA:0,(anonymous_11)
DA:36,0
DA:37,0
DA:38,0
DA:39,0
DA:41,0
DA:43,0
DA:47,0
DA:48,0
DA:49,0
DA:51,0
DA:52,0
DA:58,0
DA:59,0
DA:60,0
DA:62,0
DA:63,0
DA:68,0
DA:70,0
DA:73,0
DA:75,0
DA:76,0
DA:78,0
DA:79,0
DA:80,0
DA:84,0
DA:85,0
DA:90,0
DA:92,0
DA:103,0
DA:104,0
DA:107,0
DA:108,0
DA:112,0
DA:136,0
DA:146,0
DA:157,0
DA:172,0
LF:37
LH:0
BRDA:47,0,0,0
BRDA:47,0,1,0
BRDA:60,1,0,0
BRDA:60,1,1,0
BRDA:63,2,0,0
BRDA:63,2,1,0
BRDA:63,2,2,0
BRDA:79,3,0,0
BRDA:79,3,1,0
BRDA:84,4,0,0
BRDA:84,4,1,0
BRDA:118,5,0,0
BRDA:118,5,1,0
BRF:13
BRH:0
end_of_record
TN:
SF:src/pages/SignIn/index.tsx
FN:14,SignIn
FN:20,handleSignInWithGoogle
FN:32,handleSignInWithApple
FNF:3
FNH:0
FNDA:0,SignIn
FNDA:0,handleSignInWithGoogle
FNDA:0,handleSignInWithApple
DA:15,0
DA:17,0
DA:18,0
DA:21,0
DA:22,0
DA:23,0
DA:26,0
DA:27,0
DA:28,0
DA:33,0
DA:34,0
DA:35,0
DA:38,0
DA:39,0
DA:40,0
DA:45,0
LF:16
LH:0
BRDA:74,0,0,0
BRDA:74,0,1,0
BRDA:84,1,0,0
BRDA:84,1,1,0
BRF:4
BRH:0
end_of_record
TN:
SF:src/routes/app.routes.tsx
FN:19,AppRoutes
FN:39,(anonymous_1)
FN:52,(anonymous_2)
FN:65,(anonymous_3)
FNF:4
FNH:0
FNDA:0,AppRoutes
FNDA:0,(anonymous_1)
FNDA:0,(anonymous_2)
FNDA:0,(anonymous_3)
DA:16,0
DA:20,0
DA:22,0
DA:40,0
DA:53,0
DA:66,0
LF:6
LH:0
BRDA:31,0,0,0
BRDA:31,0,1,0
BRF:2
BRH:0
end_of_record
TN:
SF:src/routes/auth.routes.tsx
FN:6,AuthRoutes
FNF:1
FNH:0
FNDA:0,AuthRoutes
DA:4,0
DA:7,0
LF:2
LH:0
BRF:0
BRH:0
end_of_record
TN:
SF:src/routes/index.tsx
FN:7,Routes
FNF:1
FNH:0
FNDA:0,Routes
DA:8,0
DA:10,0
LF:2
LH:0
BRDA:12,0,0,0
BRDA:12,0,1,0
BRF:2
BRH:0
end_of_record
